CRITICAL - 2021-06-29 03:50:19 --> Undefined variable: title
#0 C:\xampp\htdocs\GRO\jamaizer\jamaizer\jamaizer\app\Views\member\create.php(1): CodeIgniter\Debug\Exceptions->errorHandler(8, 'Undefined varia...', 'C:\\xampp\\htdocs...', 1, Array)
#1 C:\xampp\htdocs\GRO\jamaizer\jamaizer\jamaizer\vendor\codeigniter4\framework\system\View\View.php(230): include('C:\\xampp\\htdocs...')
#2 C:\xampp\htdocs\GRO\jamaizer\jamaizer\jamaizer\vendor\codeigniter4\framework\system\View\View.php(232): CodeIgniter\View\View->CodeIgniter\View\{closure}()
#3 C:\xampp\htdocs\GRO\jamaizer\jamaizer\jamaizer\vendor\codeigniter4\framework\system\Common.php(1271): CodeIgniter\View\View->render('member/create', Array, true)
#4 C:\xampp\htdocs\GRO\jamaizer\jamaizer\jamaizer\app\Controllers\Member.php(18): view('member/create')
#5 C:\xampp\htdocs\GRO\jamaizer\jamaizer\jamaizer\vendor\codeigniter4\framework\system\CodeIgniter.php(928): App\Controllers\Member->create()
#6 C:\xampp\htdocs\GRO\jamaizer\jamaizer\jamaizer\vendor\codeigniter4\framework\system\CodeIgniter.php(436): CodeIgniter\CodeIgniter->runController(Object(App\Controllers\Member))
#7 C:\xampp\htdocs\GRO\jamaizer\jamaizer\jamaizer\vendor\codeigniter4\framework\system\CodeIgniter.php(336): CodeIgniter\CodeIgniter->handleRequest(NULL, Object(Config\Cache), false)
#8 C:\xampp\htdocs\GRO\jamaizer\jamaizer\jamaizer\public\index.php(37): CodeIgniter\CodeIgniter->run()
#9 {main}
CRITICAL - 2021-06-29 03:50:44 --> Undefined variable: validation
#0 C:\xampp\htdocs\GRO\jamaizer\jamaizer\jamaizer\app\Views\member\create.php(5): CodeIgniter\Debug\Exceptions->errorHandler(8, 'Undefined varia...', 'C:\\xampp\\htdocs...', 5, Array)
#1 C:\xampp\htdocs\GRO\jamaizer\jamaizer\jamaizer\vendor\codeigniter4\framework\system\View\View.php(230): include('C:\\xampp\\htdocs...')
#2 C:\xampp\htdocs\GRO\jamaizer\jamaizer\jamaizer\vendor\codeigniter4\framework\system\View\View.php(232): CodeIgniter\View\View->CodeIgniter\View\{closure}()
#3 C:\xampp\htdocs\GRO\jamaizer\jamaizer\jamaizer\vendor\codeigniter4\framework\system\Common.php(1271): CodeIgniter\View\View->render('member/create', Array, true)
#4 C:\xampp\htdocs\GRO\jamaizer\jamaizer\jamaizer\app\Controllers\Member.php(18): view('member/create', Array)
#5 C:\xampp\htdocs\GRO\jamaizer\jamaizer\jamaizer\vendor\codeigniter4\framework\system\CodeIgniter.php(928): App\Controllers\Member->create()
#6 C:\xampp\htdocs\GRO\jamaizer\jamaizer\jamaizer\vendor\codeigniter4\framework\system\CodeIgniter.php(436): CodeIgniter\CodeIgniter->runController(Object(App\Controllers\Member))
#7 C:\xampp\htdocs\GRO\jamaizer\jamaizer\jamaizer\vendor\codeigniter4\framework\system\CodeIgniter.php(336): CodeIgniter\CodeIgniter->handleRequest(NULL, Object(Config\Cache), false)
#8 C:\xampp\htdocs\GRO\jamaizer\jamaizer\jamaizer\public\index.php(37): CodeIgniter\CodeIgniter->run()
#9 {main}
CRITICAL - 2021-06-29 04:20:19 --> Undefined variable: validation
#0 C:\xampp\htdocs\GRO\jamaizer\jamaizer\jamaizer\app\Views\member\create.php(7): CodeIgniter\Debug\Exceptions->errorHandler(8, 'Undefined varia...', 'C:\\xampp\\htdocs...', 7, Array)
#1 C:\xampp\htdocs\GRO\jamaizer\jamaizer\jamaizer\vendor\codeigniter4\framework\system\View\View.php(230): include('C:\\xampp\\htdocs...')
#2 C:\xampp\htdocs\GRO\jamaizer\jamaizer\jamaizer\vendor\codeigniter4\framework\system\View\View.php(232): CodeIgniter\View\View->CodeIgniter\View\{closure}()
#3 C:\xampp\htdocs\GRO\jamaizer\jamaizer\jamaizer\vendor\codeigniter4\framework\system\Common.php(1271): CodeIgniter\View\View->render('member/create', Array, true)
#4 C:\xampp\htdocs\GRO\jamaizer\jamaizer\jamaizer\app\Controllers\Member.php(24): view('member/create', Array)
#5 C:\xampp\htdocs\GRO\jamaizer\jamaizer\jamaizer\vendor\codeigniter4\framework\system\CodeIgniter.php(928): App\Controllers\Member->create()
#6 C:\xampp\htdocs\GRO\jamaizer\jamaizer\jamaizer\vendor\codeigniter4\framework\system\CodeIgniter.php(436): CodeIgniter\CodeIgniter->runController(Object(App\Controllers\Member))
#7 C:\xampp\htdocs\GRO\jamaizer\jamaizer\jamaizer\vendor\codeigniter4\framework\system\CodeIgniter.php(336): CodeIgniter\CodeIgniter->handleRequest(NULL, Object(Config\Cache), false)
#8 C:\xampp\htdocs\GRO\jamaizer\jamaizer\jamaizer\public\index.php(37): CodeIgniter\CodeIgniter->run()
#9 {main}
CRITICAL - 2021-06-29 05:22:50 --> Undefined index: pseudo
#0 C:\xampp\htdocs\GRO\jamaizer\jamaizer\jamaizer\app\Controllers\Member.php(18): CodeIgniter\Debug\Exceptions->errorHandler(8, 'Undefined index...', 'C:\\xampp\\htdocs...', 18, Array)
#1 C:\xampp\htdocs\GRO\jamaizer\jamaizer\jamaizer\vendor\codeigniter4\framework\system\CodeIgniter.php(928): App\Controllers\Member->create()
#2 C:\xampp\htdocs\GRO\jamaizer\jamaizer\jamaizer\vendor\codeigniter4\framework\system\CodeIgniter.php(436): CodeIgniter\CodeIgniter->runController(Object(App\Controllers\Member))
#3 C:\xampp\htdocs\GRO\jamaizer\jamaizer\jamaizer\vendor\codeigniter4\framework\system\CodeIgniter.php(336): CodeIgniter\CodeIgniter->handleRequest(NULL, Object(Config\Cache), false)
#4 C:\xampp\htdocs\GRO\jamaizer\jamaizer\jamaizer\public\index.php(37): CodeIgniter\CodeIgniter->run()
#5 {main}
CRITICAL - 2021-06-29 05:23:50 --> Undefined index: pseudo
#0 C:\xampp\htdocs\GRO\jamaizer\jamaizer\jamaizer\app\Controllers\Member.php(18): CodeIgniter\Debug\Exceptions->errorHandler(8, 'Undefined index...', 'C:\\xampp\\htdocs...', 18, Array)
#1 C:\xampp\htdocs\GRO\jamaizer\jamaizer\jamaizer\vendor\codeigniter4\framework\system\CodeIgniter.php(928): App\Controllers\Member->create()
#2 C:\xampp\htdocs\GRO\jamaizer\jamaizer\jamaizer\vendor\codeigniter4\framework\system\CodeIgniter.php(436): CodeIgniter\CodeIgniter->runController(Object(App\Controllers\Member))
#3 C:\xampp\htdocs\GRO\jamaizer\jamaizer\jamaizer\vendor\codeigniter4\framework\system\CodeIgniter.php(336): CodeIgniter\CodeIgniter->handleRequest(NULL, Object(Config\Cache), false)
#4 C:\xampp\htdocs\GRO\jamaizer\jamaizer\jamaizer\public\index.php(37): CodeIgniter\CodeIgniter->run()
#5 {main}
CRITICAL - 2021-06-29 05:25:10 --> Undefined index: pseudo
#0 C:\xampp\htdocs\GRO\jamaizer\jamaizer\jamaizer\app\Controllers\Member.php(18): CodeIgniter\Debug\Exceptions->errorHandler(8, 'Undefined index...', 'C:\\xampp\\htdocs...', 18, Array)
#1 C:\xampp\htdocs\GRO\jamaizer\jamaizer\jamaizer\vendor\codeigniter4\framework\system\CodeIgniter.php(928): App\Controllers\Member->create()
#2 C:\xampp\htdocs\GRO\jamaizer\jamaizer\jamaizer\vendor\codeigniter4\framework\system\CodeIgniter.php(436): CodeIgniter\CodeIgniter->runController(Object(App\Controllers\Member))
#3 C:\xampp\htdocs\GRO\jamaizer\jamaizer\jamaizer\vendor\codeigniter4\framework\system\CodeIgniter.php(336): CodeIgniter\CodeIgniter->handleRequest(NULL, Object(Config\Cache), false)
#4 C:\xampp\htdocs\GRO\jamaizer\jamaizer\jamaizer\public\index.php(37): CodeIgniter\CodeIgniter->run()
#5 {main}
CRITICAL - 2021-06-29 05:25:51 --> Undefined index: pseudo
#0 C:\xampp\htdocs\GRO\jamaizer\jamaizer\jamaizer\app\Controllers\Member.php(18): CodeIgniter\Debug\Exceptions->errorHandler(8, 'Undefined index...', 'C:\\xampp\\htdocs...', 18, Array)
#1 C:\xampp\htdocs\GRO\jamaizer\jamaizer\jamaizer\vendor\codeigniter4\framework\system\CodeIgniter.php(928): App\Controllers\Member->create()
#2 C:\xampp\htdocs\GRO\jamaizer\jamaizer\jamaizer\vendor\codeigniter4\framework\system\CodeIgniter.php(436): CodeIgniter\CodeIgniter->runController(Object(App\Controllers\Member))
#3 C:\xampp\htdocs\GRO\jamaizer\jamaizer\jamaizer\vendor\codeigniter4\framework\system\CodeIgniter.php(336): CodeIgniter\CodeIgniter->handleRequest(NULL, Object(Config\Cache), false)
#4 C:\xampp\htdocs\GRO\jamaizer\jamaizer\jamaizer\public\index.php(37): CodeIgniter\CodeIgniter->run()
#5 {main}
CRITICAL - 2021-06-29 05:26:43 --> Undefined variable: validation
#0 C:\xampp\htdocs\GRO\jamaizer\jamaizer\jamaizer\app\Views\member\create.php(7): CodeIgniter\Debug\Exceptions->errorHandler(8, 'Undefined varia...', 'C:\\xampp\\htdocs...', 7, Array)
#1 C:\xampp\htdocs\GRO\jamaizer\jamaizer\jamaizer\vendor\codeigniter4\framework\system\View\View.php(230): include('C:\\xampp\\htdocs...')
#2 C:\xampp\htdocs\GRO\jamaizer\jamaizer\jamaizer\vendor\codeigniter4\framework\system\View\View.php(232): CodeIgniter\View\View->CodeIgniter\View\{closure}()
#3 C:\xampp\htdocs\GRO\jamaizer\jamaizer\jamaizer\vendor\codeigniter4\framework\system\Common.php(1271): CodeIgniter\View\View->render('member/create', Array, true)
#4 C:\xampp\htdocs\GRO\jamaizer\jamaizer\jamaizer\app\Controllers\Member.php(27): view('member/create', Array)
#5 C:\xampp\htdocs\GRO\jamaizer\jamaizer\jamaizer\vendor\codeigniter4\framework\system\CodeIgniter.php(928): App\Controllers\Member->create()
#6 C:\xampp\htdocs\GRO\jamaizer\jamaizer\jamaizer\vendor\codeigniter4\framework\system\CodeIgniter.php(436): CodeIgniter\CodeIgniter->runController(Object(App\Controllers\Member))
#7 C:\xampp\htdocs\GRO\jamaizer\jamaizer\jamaizer\vendor\codeigniter4\framework\system\CodeIgniter.php(336): CodeIgniter\CodeIgniter->handleRequest(NULL, Object(Config\Cache), false)
#8 C:\xampp\htdocs\GRO\jamaizer\jamaizer\jamaizer\public\index.php(37): CodeIgniter\CodeIgniter->run()
#9 {main}
CRITICAL - 2021-06-29 05:28:01 -->  is not a valid rule.
#0 C:\xampp\htdocs\GRO\jamaizer\jamaizer\jamaizer\vendor\codeigniter4\framework\system\Validation\Validation.php(321): CodeIgniter\Validation\Exceptions\ValidationException::forRuleNotFound('')
#1 C:\xampp\htdocs\GRO\jamaizer\jamaizer\jamaizer\vendor\codeigniter4\framework\system\Validation\Validation.php(159): CodeIgniter\Validation\Validation->processRules('birth', 'birth', NULL, Array, Array)
#2 C:\xampp\htdocs\GRO\jamaizer\jamaizer\jamaizer\vendor\codeigniter4\framework\system\BaseModel.php(1416): CodeIgniter\Validation\Validation->run(Array, NULL, 'default')
#3 C:\xampp\htdocs\GRO\jamaizer\jamaizer\jamaizer\vendor\codeigniter4\framework\system\BaseModel.php(738): CodeIgniter\BaseModel->validate(Array)
#4 C:\xampp\htdocs\GRO\jamaizer\jamaizer\jamaizer\vendor\codeigniter4\framework\system\Model.php(686): CodeIgniter\BaseModel->insert(Array, false)
#5 C:\xampp\htdocs\GRO\jamaizer\jamaizer\jamaizer\vendor\codeigniter4\framework\system\BaseModel.php(687): CodeIgniter\Model->insert(Array, false)
#6 C:\xampp\htdocs\GRO\jamaizer\jamaizer\jamaizer\app\Controllers\Member.php(22): CodeIgniter\BaseModel->save(Array)
#7 C:\xampp\htdocs\GRO\jamaizer\jamaizer\jamaizer\vendor\codeigniter4\framework\system\CodeIgniter.php(928): App\Controllers\Member->create()
#8 C:\xampp\htdocs\GRO\jamaizer\jamaizer\jamaizer\vendor\codeigniter4\framework\system\CodeIgniter.php(436): CodeIgniter\CodeIgniter->runController(Object(App\Controllers\Member))
#9 C:\xampp\htdocs\GRO\jamaizer\jamaizer\jamaizer\vendor\codeigniter4\framework\system\CodeIgniter.php(336): CodeIgniter\CodeIgniter->handleRequest(NULL, Object(Config\Cache), false)
#10 C:\xampp\htdocs\GRO\jamaizer\jamaizer\jamaizer\public\index.php(37): CodeIgniter\CodeIgniter->run()
#11 {main}
CRITICAL - 2021-06-29 05:33:18 --> in_list[
			0,
			1,
			2,
			3,
		] is not a valid rule.
#0 C:\xampp\htdocs\GRO\jamaizer\jamaizer\jamaizer\vendor\codeigniter4\framework\system\Validation\Validation.php(321): CodeIgniter\Validation\Exceptions\ValidationException::forRuleNotFound('in_list[\n\t\t\t0,\n...')
#1 C:\xampp\htdocs\GRO\jamaizer\jamaizer\jamaizer\vendor\codeigniter4\framework\system\Validation\Validation.php(159): CodeIgniter\Validation\Validation->processRules('gender', 'gender', NULL, Array, Array)
#2 C:\xampp\htdocs\GRO\jamaizer\jamaizer\jamaizer\vendor\codeigniter4\framework\system\BaseModel.php(1416): CodeIgniter\Validation\Validation->run(Array, NULL, 'default')
#3 C:\xampp\htdocs\GRO\jamaizer\jamaizer\jamaizer\vendor\codeigniter4\framework\system\BaseModel.php(738): CodeIgniter\BaseModel->validate(Array)
#4 C:\xampp\htdocs\GRO\jamaizer\jamaizer\jamaizer\vendor\codeigniter4\framework\system\Model.php(686): CodeIgniter\BaseModel->insert(Array, false)
#5 C:\xampp\htdocs\GRO\jamaizer\jamaizer\jamaizer\vendor\codeigniter4\framework\system\BaseModel.php(687): CodeIgniter\Model->insert(Array, false)
#6 C:\xampp\htdocs\GRO\jamaizer\jamaizer\jamaizer\app\Controllers\Member.php(22): CodeIgniter\BaseModel->save(Array)
#7 C:\xampp\htdocs\GRO\jamaizer\jamaizer\jamaizer\vendor\codeigniter4\framework\system\CodeIgniter.php(928): App\Controllers\Member->create()
#8 C:\xampp\htdocs\GRO\jamaizer\jamaizer\jamaizer\vendor\codeigniter4\framework\system\CodeIgniter.php(436): CodeIgniter\CodeIgniter->runController(Object(App\Controllers\Member))
#9 C:\xampp\htdocs\GRO\jamaizer\jamaizer\jamaizer\vendor\codeigniter4\framework\system\CodeIgniter.php(336): CodeIgniter\CodeIgniter->handleRequest(NULL, Object(Config\Cache), false)
#10 C:\xampp\htdocs\GRO\jamaizer\jamaizer\jamaizer\public\index.php(37): CodeIgniter\CodeIgniter->run()
#11 {main}
CRITICAL - 2021-06-29 05:33:38 --> in_list[
			0,
			1,
			2,
			3
		] is not a valid rule.
#0 C:\xampp\htdocs\GRO\jamaizer\jamaizer\jamaizer\vendor\codeigniter4\framework\system\Validation\Validation.php(321): CodeIgniter\Validation\Exceptions\ValidationException::forRuleNotFound('in_list[\n\t\t\t0,\n...')
#1 C:\xampp\htdocs\GRO\jamaizer\jamaizer\jamaizer\vendor\codeigniter4\framework\system\Validation\Validation.php(159): CodeIgniter\Validation\Validation->processRules('gender', 'gender', NULL, Array, Array)
#2 C:\xampp\htdocs\GRO\jamaizer\jamaizer\jamaizer\vendor\codeigniter4\framework\system\BaseModel.php(1416): CodeIgniter\Validation\Validation->run(Array, NULL, 'default')
#3 C:\xampp\htdocs\GRO\jamaizer\jamaizer\jamaizer\vendor\codeigniter4\framework\system\BaseModel.php(738): CodeIgniter\BaseModel->validate(Array)
#4 C:\xampp\htdocs\GRO\jamaizer\jamaizer\jamaizer\vendor\codeigniter4\framework\system\Model.php(686): CodeIgniter\BaseModel->insert(Array, false)
#5 C:\xampp\htdocs\GRO\jamaizer\jamaizer\jamaizer\vendor\codeigniter4\framework\system\BaseModel.php(687): CodeIgniter\Model->insert(Array, false)
#6 C:\xampp\htdocs\GRO\jamaizer\jamaizer\jamaizer\app\Controllers\Member.php(22): CodeIgniter\BaseModel->save(Array)
#7 C:\xampp\htdocs\GRO\jamaizer\jamaizer\jamaizer\vendor\codeigniter4\framework\system\CodeIgniter.php(928): App\Controllers\Member->create()
#8 C:\xampp\htdocs\GRO\jamaizer\jamaizer\jamaizer\vendor\codeigniter4\framework\system\CodeIgniter.php(436): CodeIgniter\CodeIgniter->runController(Object(App\Controllers\Member))
#9 C:\xampp\htdocs\GRO\jamaizer\jamaizer\jamaizer\vendor\codeigniter4\framework\system\CodeIgniter.php(336): CodeIgniter\CodeIgniter->handleRequest(NULL, Object(Config\Cache), false)
#10 C:\xampp\htdocs\GRO\jamaizer\jamaizer\jamaizer\public\index.php(37): CodeIgniter\CodeIgniter->run()
#11 {main}
CRITICAL - 2021-06-29 07:20:59 --> Allowed fields must be specified for model: App\Models\MemberModel
#0 C:\xampp\htdocs\GRO\jamaizer\jamaizer\jamaizer\vendor\codeigniter4\framework\system\BaseModel.php(1205): CodeIgniter\Database\Exceptions\DataException::forInvalidAllowedFields('App\\Models\\Memb...')
#1 C:\xampp\htdocs\GRO\jamaizer\jamaizer\jamaizer\vendor\codeigniter4\framework\system\BaseModel.php(745): CodeIgniter\BaseModel->doProtectFields(Array)
#2 C:\xampp\htdocs\GRO\jamaizer\jamaizer\jamaizer\vendor\codeigniter4\framework\system\Model.php(686): CodeIgniter\BaseModel->insert(Array, false)
#3 C:\xampp\htdocs\GRO\jamaizer\jamaizer\jamaizer\vendor\codeigniter4\framework\system\BaseModel.php(687): CodeIgniter\Model->insert(Array, false)
#4 C:\xampp\htdocs\GRO\jamaizer\jamaizer\jamaizer\app\Controllers\Member.php(23): CodeIgniter\BaseModel->save(Array)
#5 C:\xampp\htdocs\GRO\jamaizer\jamaizer\jamaizer\vendor\codeigniter4\framework\system\CodeIgniter.php(928): App\Controllers\Member->create()
#6 C:\xampp\htdocs\GRO\jamaizer\jamaizer\jamaizer\vendor\codeigniter4\framework\system\CodeIgniter.php(436): CodeIgniter\CodeIgniter->runController(Object(App\Controllers\Member))
#7 C:\xampp\htdocs\GRO\jamaizer\jamaizer\jamaizer\vendor\codeigniter4\framework\system\CodeIgniter.php(336): CodeIgniter\CodeIgniter->handleRequest(NULL, Object(Config\Cache), false)
#8 C:\xampp\htdocs\GRO\jamaizer\jamaizer\jamaizer\public\index.php(37): CodeIgniter\CodeIgniter->run()
#9 {main}
CRITICAL - 2021-06-29 07:22:29 --> Allowed fields must be specified for model: App\Models\MemberModel
#0 C:\xampp\htdocs\GRO\jamaizer\jamaizer\jamaizer\vendor\codeigniter4\framework\system\BaseModel.php(1205): CodeIgniter\Database\Exceptions\DataException::forInvalidAllowedFields('App\\Models\\Memb...')
#1 C:\xampp\htdocs\GRO\jamaizer\jamaizer\jamaizer\vendor\codeigniter4\framework\system\BaseModel.php(745): CodeIgniter\BaseModel->doProtectFields(Array)
#2 C:\xampp\htdocs\GRO\jamaizer\jamaizer\jamaizer\vendor\codeigniter4\framework\system\Model.php(686): CodeIgniter\BaseModel->insert(Array, true)
#3 C:\xampp\htdocs\GRO\jamaizer\jamaizer\jamaizer\app\Controllers\Member.php(23): CodeIgniter\Model->insert(Array)
#4 C:\xampp\htdocs\GRO\jamaizer\jamaizer\jamaizer\vendor\codeigniter4\framework\system\CodeIgniter.php(928): App\Controllers\Member->create()
#5 C:\xampp\htdocs\GRO\jamaizer\jamaizer\jamaizer\vendor\codeigniter4\framework\system\CodeIgniter.php(436): CodeIgniter\CodeIgniter->runController(Object(App\Controllers\Member))
#6 C:\xampp\htdocs\GRO\jamaizer\jamaizer\jamaizer\vendor\codeigniter4\framework\system\CodeIgniter.php(336): CodeIgniter\CodeIgniter->handleRequest(NULL, Object(Config\Cache), false)
#7 C:\xampp\htdocs\GRO\jamaizer\jamaizer\jamaizer\public\index.php(37): CodeIgniter\CodeIgniter->run()
#8 {main}
CRITICAL - 2021-06-29 07:41:37 --> Undefined variable: data
#0 C:\xampp\htdocs\GRO\jamaizer\jamaizer\jamaizer\app\Controllers\Member.php(54): CodeIgniter\Debug\Exceptions->errorHandler(8, 'Undefined varia...', 'C:\\xampp\\htdocs...', 54, Array)
#1 C:\xampp\htdocs\GRO\jamaizer\jamaizer\jamaizer\vendor\codeigniter4\framework\system\CodeIgniter.php(928): App\Controllers\Member->create()
#2 C:\xampp\htdocs\GRO\jamaizer\jamaizer\jamaizer\vendor\codeigniter4\framework\system\CodeIgniter.php(436): CodeIgniter\CodeIgniter->runController(Object(App\Controllers\Member))
#3 C:\xampp\htdocs\GRO\jamaizer\jamaizer\jamaizer\vendor\codeigniter4\framework\system\CodeIgniter.php(336): CodeIgniter\CodeIgniter->handleRequest(NULL, Object(Config\Cache), false)
#4 C:\xampp\htdocs\GRO\jamaizer\jamaizer\jamaizer\public\index.php(37): CodeIgniter\CodeIgniter->run()
#5 {main}
CRITICAL - 2021-06-29 07:43:28 --> Undefined index: password
#0 C:\xampp\htdocs\GRO\jamaizer\jamaizer\jamaizer\app\Controllers\Member.php(21): CodeIgniter\Debug\Exceptions->errorHandler(8, 'Undefined index...', 'C:\\xampp\\htdocs...', 21, Array)
#1 C:\xampp\htdocs\GRO\jamaizer\jamaizer\jamaizer\vendor\codeigniter4\framework\system\CodeIgniter.php(928): App\Controllers\Member->create()
#2 C:\xampp\htdocs\GRO\jamaizer\jamaizer\jamaizer\vendor\codeigniter4\framework\system\CodeIgniter.php(436): CodeIgniter\CodeIgniter->runController(Object(App\Controllers\Member))
#3 C:\xampp\htdocs\GRO\jamaizer\jamaizer\jamaizer\vendor\codeigniter4\framework\system\CodeIgniter.php(336): CodeIgniter\CodeIgniter->handleRequest(NULL, Object(Config\Cache), false)
#4 C:\xampp\htdocs\GRO\jamaizer\jamaizer\jamaizer\public\index.php(37): CodeIgniter\CodeIgniter->run()
#5 {main}
CRITICAL - 2021-06-29 07:44:10 --> Undefined variable: password
#0 C:\xampp\htdocs\GRO\jamaizer\jamaizer\jamaizer\app\Controllers\Member.php(32): CodeIgniter\Debug\Exceptions->errorHandler(8, 'Undefined varia...', 'C:\\xampp\\htdocs...', 32, Array)
#1 C:\xampp\htdocs\GRO\jamaizer\jamaizer\jamaizer\vendor\codeigniter4\framework\system\CodeIgniter.php(928): App\Controllers\Member->create()
#2 C:\xampp\htdocs\GRO\jamaizer\jamaizer\jamaizer\vendor\codeigniter4\framework\system\CodeIgniter.php(436): CodeIgniter\CodeIgniter->runController(Object(App\Controllers\Member))
#3 C:\xampp\htdocs\GRO\jamaizer\jamaizer\jamaizer\vendor\codeigniter4\framework\system\CodeIgniter.php(336): CodeIgniter\CodeIgniter->handleRequest(NULL, Object(Config\Cache), false)
#4 C:\xampp\htdocs\GRO\jamaizer\jamaizer\jamaizer\public\index.php(37): CodeIgniter\CodeIgniter->run()
#5 {main}
CRITICAL - 2021-06-29 07:44:23 --> Undefined variable: password
#0 C:\xampp\htdocs\GRO\jamaizer\jamaizer\jamaizer\app\Controllers\Member.php(32): CodeIgniter\Debug\Exceptions->errorHandler(8, 'Undefined varia...', 'C:\\xampp\\htdocs...', 32, Array)
#1 C:\xampp\htdocs\GRO\jamaizer\jamaizer\jamaizer\vendor\codeigniter4\framework\system\CodeIgniter.php(928): App\Controllers\Member->create()
#2 C:\xampp\htdocs\GRO\jamaizer\jamaizer\jamaizer\vendor\codeigniter4\framework\system\CodeIgniter.php(436): CodeIgniter\CodeIgniter->runController(Object(App\Controllers\Member))
#3 C:\xampp\htdocs\GRO\jamaizer\jamaizer\jamaizer\vendor\codeigniter4\framework\system\CodeIgniter.php(336): CodeIgniter\CodeIgniter->handleRequest(NULL, Object(Config\Cache), false)
#4 C:\xampp\htdocs\GRO\jamaizer\jamaizer\jamaizer\public\index.php(37): CodeIgniter\CodeIgniter->run()
#5 {main}
CRITICAL - 2021-06-29 08:20:11 --> Undefined variable: validation
#0 C:\xampp\htdocs\GRO\jamaizer\jamaizer\jamaizer\app\Views\member\create.php(2): CodeIgniter\Debug\Exceptions->errorHandler(8, 'Undefined varia...', 'C:\\xampp\\htdocs...', 2, Array)
#1 C:\xampp\htdocs\GRO\jamaizer\jamaizer\jamaizer\vendor\codeigniter4\framework\system\View\View.php(230): include('C:\\xampp\\htdocs...')
#2 C:\xampp\htdocs\GRO\jamaizer\jamaizer\jamaizer\vendor\codeigniter4\framework\system\View\View.php(232): CodeIgniter\View\View->CodeIgniter\View\{closure}()
#3 C:\xampp\htdocs\GRO\jamaizer\jamaizer\jamaizer\vendor\codeigniter4\framework\system\Common.php(1271): CodeIgniter\View\View->render('member/create', Array, true)
#4 C:\xampp\htdocs\GRO\jamaizer\jamaizer\jamaizer\app\Controllers\Member.php(61): view('member/create')
#5 C:\xampp\htdocs\GRO\jamaizer\jamaizer\jamaizer\vendor\codeigniter4\framework\system\CodeIgniter.php(928): App\Controllers\Member->create()
#6 C:\xampp\htdocs\GRO\jamaizer\jamaizer\jamaizer\vendor\codeigniter4\framework\system\CodeIgniter.php(436): CodeIgniter\CodeIgniter->runController(Object(App\Controllers\Member))
#7 C:\xampp\htdocs\GRO\jamaizer\jamaizer\jamaizer\vendor\codeigniter4\framework\system\CodeIgniter.php(336): CodeIgniter\CodeIgniter->handleRequest(NULL, Object(Config\Cache), false)
#8 C:\xampp\htdocs\GRO\jamaizer\jamaizer\jamaizer\public\index.php(37): CodeIgniter\CodeIgniter->run()
#9 {main}
CRITICAL - 2021-06-29 08:22:35 --> Undefined variable: errors
#0 C:\xampp\htdocs\GRO\jamaizer\jamaizer\jamaizer\app\Views\member\create.php(2): CodeIgniter\Debug\Exceptions->errorHandler(8, 'Undefined varia...', 'C:\\xampp\\htdocs...', 2, Array)
#1 C:\xampp\htdocs\GRO\jamaizer\jamaizer\jamaizer\vendor\codeigniter4\framework\system\View\View.php(230): include('C:\\xampp\\htdocs...')
#2 C:\xampp\htdocs\GRO\jamaizer\jamaizer\jamaizer\vendor\codeigniter4\framework\system\View\View.php(232): CodeIgniter\View\View->CodeIgniter\View\{closure}()
#3 C:\xampp\htdocs\GRO\jamaizer\jamaizer\jamaizer\vendor\codeigniter4\framework\system\Common.php(1271): CodeIgniter\View\View->render('member/create', Array, true)
#4 C:\xampp\htdocs\GRO\jamaizer\jamaizer\jamaizer\app\Controllers\Member.php(61): view('member/create')
#5 C:\xampp\htdocs\GRO\jamaizer\jamaizer\jamaizer\vendor\codeigniter4\framework\system\CodeIgniter.php(928): App\Controllers\Member->create()
#6 C:\xampp\htdocs\GRO\jamaizer\jamaizer\jamaizer\vendor\codeigniter4\framework\system\CodeIgniter.php(436): CodeIgniter\CodeIgniter->runController(Object(App\Controllers\Member))
#7 C:\xampp\htdocs\GRO\jamaizer\jamaizer\jamaizer\vendor\codeigniter4\framework\system\CodeIgniter.php(336): CodeIgniter\CodeIgniter->handleRequest(NULL, Object(Config\Cache), false)
#8 C:\xampp\htdocs\GRO\jamaizer\jamaizer\jamaizer\public\index.php(37): CodeIgniter\CodeIgniter->run()
#9 {main}
CRITICAL - 2021-06-29 08:48:15 --> Undefined variable: member
#0 C:\xampp\htdocs\GRO\jamaizer\jamaizer\jamaizer\app\Controllers\Member.php(96): CodeIgniter\Debug\Exceptions->errorHandler(8, 'Undefined varia...', 'C:\\xampp\\htdocs...', 96, Array)
#1 C:\xampp\htdocs\GRO\jamaizer\jamaizer\jamaizer\vendor\codeigniter4\framework\system\CodeIgniter.php(928): App\Controllers\Member->create()
#2 C:\xampp\htdocs\GRO\jamaizer\jamaizer\jamaizer\vendor\codeigniter4\framework\system\CodeIgniter.php(436): CodeIgniter\CodeIgniter->runController(Object(App\Controllers\Member))
#3 C:\xampp\htdocs\GRO\jamaizer\jamaizer\jamaizer\vendor\codeigniter4\framework\system\CodeIgniter.php(336): CodeIgniter\CodeIgniter->handleRequest(NULL, Object(Config\Cache), false)
#4 C:\xampp\htdocs\GRO\jamaizer\jamaizer\jamaizer\public\index.php(37): CodeIgniter\CodeIgniter->run()
#5 {main}
ERROR - 2021-06-29 09:13:46 --> Duplicate entry 'test' for key 'pseudo'
CRITICAL - 2021-06-29 09:13:46 --> Duplicate entry 'test' for key 'pseudo'
#0 C:\xampp\htdocs\GRO\jamaizer\jamaizer\jamaizer\vendor\codeigniter4\framework\system\Database\MySQLi\Connection.php(329): mysqli->query('INSERT INTO `me...')
#1 C:\xampp\htdocs\GRO\jamaizer\jamaizer\jamaizer\vendor\codeigniter4\framework\system\Database\BaseConnection.php(732): CodeIgniter\Database\MySQLi\Connection->execute('INSERT INTO `me...')
#2 C:\xampp\htdocs\GRO\jamaizer\jamaizer\jamaizer\vendor\codeigniter4\framework\system\Database\BaseConnection.php(647): CodeIgniter\Database\BaseConnection->simpleQuery('INSERT INTO `me...')
#3 C:\xampp\htdocs\GRO\jamaizer\jamaizer\jamaizer\vendor\codeigniter4\framework\system\Database\BaseBuilder.php(2277): CodeIgniter\Database\BaseConnection->query('INSERT INTO `me...', Array, false)
#4 C:\xampp\htdocs\GRO\jamaizer\jamaizer\jamaizer\vendor\codeigniter4\framework\system\Model.php(259): CodeIgniter\Database\BaseBuilder->insert()
#5 C:\xampp\htdocs\GRO\jamaizer\jamaizer\jamaizer\vendor\codeigniter4\framework\system\BaseModel.php(774): CodeIgniter\Model->doInsert(Array)
#6 C:\xampp\htdocs\GRO\jamaizer\jamaizer\jamaizer\vendor\codeigniter4\framework\system\Model.php(686): CodeIgniter\BaseModel->insert(Array, true)
#7 C:\xampp\htdocs\GRO\jamaizer\jamaizer\jamaizer\app\Controllers\Member.php(107): CodeIgniter\Model->insert(Array)
#8 C:\xampp\htdocs\GRO\jamaizer\jamaizer\jamaizer\vendor\codeigniter4\framework\system\CodeIgniter.php(928): App\Controllers\Member->create()
#9 C:\xampp\htdocs\GRO\jamaizer\jamaizer\jamaizer\vendor\codeigniter4\framework\system\CodeIgniter.php(436): CodeIgniter\CodeIgniter->runController(Object(App\Controllers\Member))
#10 C:\xampp\htdocs\GRO\jamaizer\jamaizer\jamaizer\vendor\codeigniter4\framework\system\CodeIgniter.php(336): CodeIgniter\CodeIgniter->handleRequest(NULL, Object(Config\Cache), false)
#11 C:\xampp\htdocs\GRO\jamaizer\jamaizer\jamaizer\public\index.php(37): CodeIgniter\CodeIgniter->run()
#12 {main}
CRITICAL - 2021-06-29 09:27:39 --> Invalid argument supplied for foreach()
#0 C:\xampp\htdocs\GRO\jamaizer\jamaizer\jamaizer\app\Views\member\create.php(4): CodeIgniter\Debug\Exceptions->errorHandler(2, 'Invalid argumen...', 'C:\\xampp\\htdocs...', 4, Array)
#1 C:\xampp\htdocs\GRO\jamaizer\jamaizer\jamaizer\vendor\codeigniter4\framework\system\View\View.php(230): include('C:\\xampp\\htdocs...')
#2 C:\xampp\htdocs\GRO\jamaizer\jamaizer\jamaizer\vendor\codeigniter4\framework\system\View\View.php(232): CodeIgniter\View\View->CodeIgniter\View\{closure}()
#3 C:\xampp\htdocs\GRO\jamaizer\jamaizer\jamaizer\vendor\codeigniter4\framework\system\Common.php(1271): CodeIgniter\View\View->render('member/create', Array, true)
#4 C:\xampp\htdocs\GRO\jamaizer\jamaizer\jamaizer\app\Controllers\Member.php(118): view('member/create', Array)
#5 C:\xampp\htdocs\GRO\jamaizer\jamaizer\jamaizer\vendor\codeigniter4\framework\system\CodeIgniter.php(928): App\Controllers\Member->create()
#6 C:\xampp\htdocs\GRO\jamaizer\jamaizer\jamaizer\vendor\codeigniter4\framework\system\CodeIgniter.php(436): CodeIgniter\CodeIgniter->runController(Object(App\Controllers\Member))
#7 C:\xampp\htdocs\GRO\jamaizer\jamaizer\jamaizer\vendor\codeigniter4\framework\system\CodeIgniter.php(336): CodeIgniter\CodeIgniter->handleRequest(NULL, Object(Config\Cache), false)
#8 C:\xampp\htdocs\GRO\jamaizer\jamaizer\jamaizer\public\index.php(37): CodeIgniter\CodeIgniter->run()
#9 {main}
CRITICAL - 2021-06-29 09:28:00 --> Invalid argument supplied for foreach()
#0 C:\xampp\htdocs\GRO\jamaizer\jamaizer\jamaizer\app\Views\member\create.php(4): CodeIgniter\Debug\Exceptions->errorHandler(2, 'Invalid argumen...', 'C:\\xampp\\htdocs...', 4, Array)
#1 C:\xampp\htdocs\GRO\jamaizer\jamaizer\jamaizer\vendor\codeigniter4\framework\system\View\View.php(230): include('C:\\xampp\\htdocs...')
#2 C:\xampp\htdocs\GRO\jamaizer\jamaizer\jamaizer\vendor\codeigniter4\framework\system\View\View.php(232): CodeIgniter\View\View->CodeIgniter\View\{closure}()
#3 C:\xampp\htdocs\GRO\jamaizer\jamaizer\jamaizer\vendor\codeigniter4\framework\system\Common.php(1271): CodeIgniter\View\View->render('member/create', Array, true)
#4 C:\xampp\htdocs\GRO\jamaizer\jamaizer\jamaizer\app\Controllers\Member.php(118): view('member/create', Array)
#5 C:\xampp\htdocs\GRO\jamaizer\jamaizer\jamaizer\vendor\codeigniter4\framework\system\CodeIgniter.php(928): App\Controllers\Member->create()
#6 C:\xampp\htdocs\GRO\jamaizer\jamaizer\jamaizer\vendor\codeigniter4\framework\system\CodeIgniter.php(436): CodeIgniter\CodeIgniter->runController(Object(App\Controllers\Member))
#7 C:\xampp\htdocs\GRO\jamaizer\jamaizer\jamaizer\vendor\codeigniter4\framework\system\CodeIgniter.php(336): CodeIgniter\CodeIgniter->handleRequest(NULL, Object(Config\Cache), false)
#8 C:\xampp\htdocs\GRO\jamaizer\jamaizer\jamaizer\public\index.php(37): CodeIgniter\CodeIgniter->run()
#9 {main}
CRITICAL - 2021-06-29 09:28:37 --> Invalid argument supplied for foreach()
#0 C:\xampp\htdocs\GRO\jamaizer\jamaizer\jamaizer\app\Views\member\create.php(4): CodeIgniter\Debug\Exceptions->errorHandler(2, 'Invalid argumen...', 'C:\\xampp\\htdocs...', 4, Array)
#1 C:\xampp\htdocs\GRO\jamaizer\jamaizer\jamaizer\vendor\codeigniter4\framework\system\View\View.php(230): include('C:\\xampp\\htdocs...')
#2 C:\xampp\htdocs\GRO\jamaizer\jamaizer\jamaizer\vendor\codeigniter4\framework\system\View\View.php(232): CodeIgniter\View\View->CodeIgniter\View\{closure}()
#3 C:\xampp\htdocs\GRO\jamaizer\jamaizer\jamaizer\vendor\codeigniter4\framework\system\Common.php(1271): CodeIgniter\View\View->render('member/create', Array, true)
#4 C:\xampp\htdocs\GRO\jamaizer\jamaizer\jamaizer\app\Controllers\Member.php(118): view('member/create', Array)
#5 C:\xampp\htdocs\GRO\jamaizer\jamaizer\jamaizer\vendor\codeigniter4\framework\system\CodeIgniter.php(928): App\Controllers\Member->create()
#6 C:\xampp\htdocs\GRO\jamaizer\jamaizer\jamaizer\vendor\codeigniter4\framework\system\CodeIgniter.php(436): CodeIgniter\CodeIgniter->runController(Object(App\Controllers\Member))
#7 C:\xampp\htdocs\GRO\jamaizer\jamaizer\jamaizer\vendor\codeigniter4\framework\system\CodeIgniter.php(336): CodeIgniter\CodeIgniter->handleRequest(NULL, Object(Config\Cache), false)
#8 C:\xampp\htdocs\GRO\jamaizer\jamaizer\jamaizer\public\index.php(37): CodeIgniter\CodeIgniter->run()
#9 {main}
CRITICAL - 2021-06-29 09:31:11 --> count(): Parameter must be an array or an object that implements Countable
#0 C:\xampp\htdocs\GRO\jamaizer\jamaizer\jamaizer\app\Views\member\create.php(3): CodeIgniter\Debug\Exceptions->errorHandler(2, 'count(): Parame...', 'C:\\xampp\\htdocs...', 3, Array)
#1 C:\xampp\htdocs\GRO\jamaizer\jamaizer\jamaizer\vendor\codeigniter4\framework\system\View\View.php(230): include('C:\\xampp\\htdocs...')
#2 C:\xampp\htdocs\GRO\jamaizer\jamaizer\jamaizer\vendor\codeigniter4\framework\system\View\View.php(232): CodeIgniter\View\View->CodeIgniter\View\{closure}()
#3 C:\xampp\htdocs\GRO\jamaizer\jamaizer\jamaizer\vendor\codeigniter4\framework\system\Common.php(1271): CodeIgniter\View\View->render('member/create', Array, true)
#4 C:\xampp\htdocs\GRO\jamaizer\jamaizer\jamaizer\app\Controllers\Member.php(118): view('member/create', Array)
#5 C:\xampp\htdocs\GRO\jamaizer\jamaizer\jamaizer\vendor\codeigniter4\framework\system\CodeIgniter.php(928): App\Controllers\Member->create()
#6 C:\xampp\htdocs\GRO\jamaizer\jamaizer\jamaizer\vendor\codeigniter4\framework\system\CodeIgniter.php(436): CodeIgniter\CodeIgniter->runController(Object(App\Controllers\Member))
#7 C:\xampp\htdocs\GRO\jamaizer\jamaizer\jamaizer\vendor\codeigniter4\framework\system\CodeIgniter.php(336): CodeIgniter\CodeIgniter->handleRequest(NULL, Object(Config\Cache), false)
#8 C:\xampp\htdocs\GRO\jamaizer\jamaizer\jamaizer\public\index.php(37): CodeIgniter\CodeIgniter->run()
#9 {main}
CRITICAL - 2021-06-29 09:32:08 --> Invalid argument supplied for foreach()
#0 C:\xampp\htdocs\GRO\jamaizer\jamaizer\jamaizer\app\Views\member\create.php(4): CodeIgniter\Debug\Exceptions->errorHandler(2, 'Invalid argumen...', 'C:\\xampp\\htdocs...', 4, Array)
#1 C:\xampp\htdocs\GRO\jamaizer\jamaizer\jamaizer\vendor\codeigniter4\framework\system\View\View.php(230): include('C:\\xampp\\htdocs...')
#2 C:\xampp\htdocs\GRO\jamaizer\jamaizer\jamaizer\vendor\codeigniter4\framework\system\View\View.php(232): CodeIgniter\View\View->CodeIgniter\View\{closure}()
#3 C:\xampp\htdocs\GRO\jamaizer\jamaizer\jamaizer\vendor\codeigniter4\framework\system\Common.php(1271): CodeIgniter\View\View->render('member/create', Array, true)
#4 C:\xampp\htdocs\GRO\jamaizer\jamaizer\jamaizer\app\Controllers\Member.php(118): view('member/create', Array)
#5 C:\xampp\htdocs\GRO\jamaizer\jamaizer\jamaizer\vendor\codeigniter4\framework\system\CodeIgniter.php(928): App\Controllers\Member->create()
#6 C:\xampp\htdocs\GRO\jamaizer\jamaizer\jamaizer\vendor\codeigniter4\framework\system\CodeIgniter.php(436): CodeIgniter\CodeIgniter->runController(Object(App\Controllers\Member))
#7 C:\xampp\htdocs\GRO\jamaizer\jamaizer\jamaizer\vendor\codeigniter4\framework\system\CodeIgniter.php(336): CodeIgniter\CodeIgniter->handleRequest(NULL, Object(Config\Cache), false)
#8 C:\xampp\htdocs\GRO\jamaizer\jamaizer\jamaizer\public\index.php(37): CodeIgniter\CodeIgniter->run()
#9 {main}
CRITICAL - 2021-06-29 09:34:29 --> Undefined variable: errors
#0 C:\xampp\htdocs\GRO\jamaizer\jamaizer\jamaizer\app\Views\member\create.php(5): CodeIgniter\Debug\Exceptions->errorHandler(8, 'Undefined varia...', 'C:\\xampp\\htdocs...', 5, Array)
#1 C:\xampp\htdocs\GRO\jamaizer\jamaizer\jamaizer\vendor\codeigniter4\framework\system\View\View.php(230): include('C:\\xampp\\htdocs...')
#2 C:\xampp\htdocs\GRO\jamaizer\jamaizer\jamaizer\vendor\codeigniter4\framework\system\View\View.php(232): CodeIgniter\View\View->CodeIgniter\View\{closure}()
#3 C:\xampp\htdocs\GRO\jamaizer\jamaizer\jamaizer\vendor\codeigniter4\framework\system\Common.php(1271): CodeIgniter\View\View->render('member/create', Array, true)
#4 C:\xampp\htdocs\GRO\jamaizer\jamaizer\jamaizer\app\Controllers\Member.php(126): view('member/create')
#5 C:\xampp\htdocs\GRO\jamaizer\jamaizer\jamaizer\vendor\codeigniter4\framework\system\CodeIgniter.php(928): App\Controllers\Member->create()
#6 C:\xampp\htdocs\GRO\jamaizer\jamaizer\jamaizer\vendor\codeigniter4\framework\system\CodeIgniter.php(436): CodeIgniter\CodeIgniter->runController(Object(App\Controllers\Member))
#7 C:\xampp\htdocs\GRO\jamaizer\jamaizer\jamaizer\vendor\codeigniter4\framework\system\CodeIgniter.php(336): CodeIgniter\CodeIgniter->handleRequest(NULL, Object(Config\Cache), false)
#8 C:\xampp\htdocs\GRO\jamaizer\jamaizer\jamaizer\public\index.php(37): CodeIgniter\CodeIgniter->run()
#9 {main}
CRITICAL - 2021-06-29 09:46:51 --> Invalid file: template/header.php
#0 C:\xampp\htdocs\GRO\jamaizer\jamaizer\jamaizer\vendor\codeigniter4\framework\system\View\View.php(213): CodeIgniter\Exceptions\FrameworkException::forInvalidFile('template/header...')
#1 C:\xampp\htdocs\GRO\jamaizer\jamaizer\jamaizer\vendor\codeigniter4\framework\system\Common.php(1271): CodeIgniter\View\View->render('template/header', Array, true)
#2 C:\xampp\htdocs\GRO\jamaizer\jamaizer\jamaizer\app\Controllers\Member.php(52): view('template/header')
#3 C:\xampp\htdocs\GRO\jamaizer\jamaizer\jamaizer\vendor\codeigniter4\framework\system\CodeIgniter.php(928): App\Controllers\Member->create()
#4 C:\xampp\htdocs\GRO\jamaizer\jamaizer\jamaizer\vendor\codeigniter4\framework\system\CodeIgniter.php(436): CodeIgniter\CodeIgniter->runController(Object(App\Controllers\Member))
#5 C:\xampp\htdocs\GRO\jamaizer\jamaizer\jamaizer\vendor\codeigniter4\framework\system\CodeIgniter.php(336): CodeIgniter\CodeIgniter->handleRequest(NULL, Object(Config\Cache), false)
#6 C:\xampp\htdocs\GRO\jamaizer\jamaizer\jamaizer\public\index.php(37): CodeIgniter\CodeIgniter->run()
#7 {main}
CRITICAL - 2021-06-29 10:00:26 --> Undefined variable: errors
#0 C:\xampp\htdocs\GRO\jamaizer\jamaizer\jamaizer\app\Views\member\create.php(5): CodeIgniter\Debug\Exceptions->errorHandler(8, 'Undefined varia...', 'C:\\xampp\\htdocs...', 5, Array)
#1 C:\xampp\htdocs\GRO\jamaizer\jamaizer\jamaizer\vendor\codeigniter4\framework\system\View\View.php(230): include('C:\\xampp\\htdocs...')
#2 C:\xampp\htdocs\GRO\jamaizer\jamaizer\jamaizer\vendor\codeigniter4\framework\system\View\View.php(232): CodeIgniter\View\View->CodeIgniter\View\{closure}()
#3 C:\xampp\htdocs\GRO\jamaizer\jamaizer\jamaizer\vendor\codeigniter4\framework\system\Common.php(1271): CodeIgniter\View\View->render('member/create', Array, true)
#4 C:\xampp\htdocs\GRO\jamaizer\jamaizer\jamaizer\app\Controllers\Member.php(133): view('member/create')
#5 C:\xampp\htdocs\GRO\jamaizer\jamaizer\jamaizer\vendor\codeigniter4\framework\system\CodeIgniter.php(928): App\Controllers\Member->create()
#6 C:\xampp\htdocs\GRO\jamaizer\jamaizer\jamaizer\vendor\codeigniter4\framework\system\CodeIgniter.php(436): CodeIgniter\CodeIgniter->runController(Object(App\Controllers\Member))
#7 C:\xampp\htdocs\GRO\jamaizer\jamaizer\jamaizer\vendor\codeigniter4\framework\system\CodeIgniter.php(336): CodeIgniter\CodeIgniter->handleRequest(NULL, Object(Config\Cache), false)
#8 C:\xampp\htdocs\GRO\jamaizer\jamaizer\jamaizer\public\index.php(37): CodeIgniter\CodeIgniter->run()
#9 {main}
CRITICAL - 2021-06-29 10:01:13 --> Undefined variable: errors
#0 C:\xampp\htdocs\GRO\jamaizer\jamaizer\jamaizer\app\Views\member\create.php(5): CodeIgniter\Debug\Exceptions->errorHandler(8, 'Undefined varia...', 'C:\\xampp\\htdocs...', 5, Array)
#1 C:\xampp\htdocs\GRO\jamaizer\jamaizer\jamaizer\vendor\codeigniter4\framework\system\View\View.php(230): include('C:\\xampp\\htdocs...')
#2 C:\xampp\htdocs\GRO\jamaizer\jamaizer\jamaizer\vendor\codeigniter4\framework\system\View\View.php(232): CodeIgniter\View\View->CodeIgniter\View\{closure}()
#3 C:\xampp\htdocs\GRO\jamaizer\jamaizer\jamaizer\vendor\codeigniter4\framework\system\Common.php(1271): CodeIgniter\View\View->render('member/create', Array, true)
#4 C:\xampp\htdocs\GRO\jamaizer\jamaizer\jamaizer\app\Controllers\Member.php(136): view('member/create', Array)
#5 C:\xampp\htdocs\GRO\jamaizer\jamaizer\jamaizer\vendor\codeigniter4\framework\system\CodeIgniter.php(928): App\Controllers\Member->create()
#6 C:\xampp\htdocs\GRO\jamaizer\jamaizer\jamaizer\vendor\codeigniter4\framework\system\CodeIgniter.php(436): CodeIgniter\CodeIgniter->runController(Object(App\Controllers\Member))
#7 C:\xampp\htdocs\GRO\jamaizer\jamaizer\jamaizer\vendor\codeigniter4\framework\system\CodeIgniter.php(336): CodeIgniter\CodeIgniter->handleRequest(NULL, Object(Config\Cache), false)
#8 C:\xampp\htdocs\GRO\jamaizer\jamaizer\jamaizer\public\index.php(37): CodeIgniter\CodeIgniter->run()
#9 {main}
CRITICAL - 2021-06-29 10:02:18 --> syntax error, unexpected ')', expecting ']'
#0 C:\xampp\htdocs\GRO\jamaizer\jamaizer\jamaizer\vendor\codeigniter4\framework\system\Autoloader\Autoloader.php(273): CodeIgniter\Autoloader\Autoloader->includeFile('C:\\xampp\\htdocs...')
#1 C:\xampp\htdocs\GRO\jamaizer\jamaizer\jamaizer\vendor\codeigniter4\framework\system\Autoloader\Autoloader.php(247): CodeIgniter\Autoloader\Autoloader->loadInNamespace('App\\Controllers...')
#2 [internal function]: CodeIgniter\Autoloader\Autoloader->loadClass('App\\Controllers...')
#3 [internal function]: spl_autoload_call('App\\Controllers...')
#4 C:\xampp\htdocs\GRO\jamaizer\jamaizer\jamaizer\vendor\codeigniter4\framework\system\CodeIgniter.php(885): class_exists('\\App\\Controller...', true)
#5 C:\xampp\htdocs\GRO\jamaizer\jamaizer\jamaizer\vendor\codeigniter4\framework\system\CodeIgniter.php(421): CodeIgniter\CodeIgniter->startController()
#6 C:\xampp\htdocs\GRO\jamaizer\jamaizer\jamaizer\vendor\codeigniter4\framework\system\CodeIgniter.php(336): CodeIgniter\CodeIgniter->handleRequest(NULL, Object(Config\Cache), false)
#7 C:\xampp\htdocs\GRO\jamaizer\jamaizer\jamaizer\public\index.php(37): CodeIgniter\CodeIgniter->run()
#8 {main}
CRITICAL - 2021-06-29 10:03:40 --> Undefined variable: errors
#0 C:\xampp\htdocs\GRO\jamaizer\jamaizer\jamaizer\app\Views\member\create.php(5): CodeIgniter\Debug\Exceptions->errorHandler(8, 'Undefined varia...', 'C:\\xampp\\htdocs...', 5, Array)
#1 C:\xampp\htdocs\GRO\jamaizer\jamaizer\jamaizer\vendor\codeigniter4\framework\system\View\View.php(230): include('C:\\xampp\\htdocs...')
#2 C:\xampp\htdocs\GRO\jamaizer\jamaizer\jamaizer\vendor\codeigniter4\framework\system\View\View.php(232): CodeIgniter\View\View->CodeIgniter\View\{closure}()
#3 C:\xampp\htdocs\GRO\jamaizer\jamaizer\jamaizer\vendor\codeigniter4\framework\system\Common.php(1271): CodeIgniter\View\View->render('member/create', Array, true)
#4 C:\xampp\htdocs\GRO\jamaizer\jamaizer\jamaizer\app\Controllers\Member.php(136): view('member/create', Array)
#5 C:\xampp\htdocs\GRO\jamaizer\jamaizer\jamaizer\vendor\codeigniter4\framework\system\CodeIgniter.php(928): App\Controllers\Member->create()
#6 C:\xampp\htdocs\GRO\jamaizer\jamaizer\jamaizer\vendor\codeigniter4\framework\system\CodeIgniter.php(436): CodeIgniter\CodeIgniter->runController(Object(App\Controllers\Member))
#7 C:\xampp\htdocs\GRO\jamaizer\jamaizer\jamaizer\vendor\codeigniter4\framework\system\CodeIgniter.php(336): CodeIgniter\CodeIgniter->handleRequest(NULL, Object(Config\Cache), false)
#8 C:\xampp\htdocs\GRO\jamaizer\jamaizer\jamaizer\public\index.php(37): CodeIgniter\CodeIgniter->run()
#9 {main}
CRITICAL - 2021-06-29 10:03:55 --> Undefined variable: errors
#0 C:\xampp\htdocs\GRO\jamaizer\jamaizer\jamaizer\app\Views\member\create.php(5): CodeIgniter\Debug\Exceptions->errorHandler(8, 'Undefined varia...', 'C:\\xampp\\htdocs...', 5, Array)
#1 C:\xampp\htdocs\GRO\jamaizer\jamaizer\jamaizer\vendor\codeigniter4\framework\system\View\View.php(230): include('C:\\xampp\\htdocs...')
#2 C:\xampp\htdocs\GRO\jamaizer\jamaizer\jamaizer\vendor\codeigniter4\framework\system\View\View.php(232): CodeIgniter\View\View->CodeIgniter\View\{closure}()
#3 C:\xampp\htdocs\GRO\jamaizer\jamaizer\jamaizer\vendor\codeigniter4\framework\system\Common.php(1271): CodeIgniter\View\View->render('member/create', Array, true)
#4 C:\xampp\htdocs\GRO\jamaizer\jamaizer\jamaizer\app\Controllers\Member.php(136): view('member/create', Array)
#5 C:\xampp\htdocs\GRO\jamaizer\jamaizer\jamaizer\vendor\codeigniter4\framework\system\CodeIgniter.php(928): App\Controllers\Member->create()
#6 C:\xampp\htdocs\GRO\jamaizer\jamaizer\jamaizer\vendor\codeigniter4\framework\system\CodeIgniter.php(436): CodeIgniter\CodeIgniter->runController(Object(App\Controllers\Member))
#7 C:\xampp\htdocs\GRO\jamaizer\jamaizer\jamaizer\vendor\codeigniter4\framework\system\CodeIgniter.php(336): CodeIgniter\CodeIgniter->handleRequest(NULL, Object(Config\Cache), false)
#8 C:\xampp\htdocs\GRO\jamaizer\jamaizer\jamaizer\public\index.php(37): CodeIgniter\CodeIgniter->run()
#9 {main}
CRITICAL - 2021-06-29 10:04:01 --> Undefined variable: errors
#0 C:\xampp\htdocs\GRO\jamaizer\jamaizer\jamaizer\app\Views\member\create.php(5): CodeIgniter\Debug\Exceptions->errorHandler(8, 'Undefined varia...', 'C:\\xampp\\htdocs...', 5, Array)
#1 C:\xampp\htdocs\GRO\jamaizer\jamaizer\jamaizer\vendor\codeigniter4\framework\system\View\View.php(230): include('C:\\xampp\\htdocs...')
#2 C:\xampp\htdocs\GRO\jamaizer\jamaizer\jamaizer\vendor\codeigniter4\framework\system\View\View.php(232): CodeIgniter\View\View->CodeIgniter\View\{closure}()
#3 C:\xampp\htdocs\GRO\jamaizer\jamaizer\jamaizer\vendor\codeigniter4\framework\system\Common.php(1271): CodeIgniter\View\View->render('member/create', Array, true)
#4 C:\xampp\htdocs\GRO\jamaizer\jamaizer\jamaizer\app\Controllers\Member.php(136): view('member/create', Array)
#5 C:\xampp\htdocs\GRO\jamaizer\jamaizer\jamaizer\vendor\codeigniter4\framework\system\CodeIgniter.php(928): App\Controllers\Member->create()
#6 C:\xampp\htdocs\GRO\jamaizer\jamaizer\jamaizer\vendor\codeigniter4\framework\system\CodeIgniter.php(436): CodeIgniter\CodeIgniter->runController(Object(App\Controllers\Member))
#7 C:\xampp\htdocs\GRO\jamaizer\jamaizer\jamaizer\vendor\codeigniter4\framework\system\CodeIgniter.php(336): CodeIgniter\CodeIgniter->handleRequest(NULL, Object(Config\Cache), false)
#8 C:\xampp\htdocs\GRO\jamaizer\jamaizer\jamaizer\public\index.php(37): CodeIgniter\CodeIgniter->run()
#9 {main}
CRITICAL - 2021-06-29 10:04:11 --> Undefined variable: errors
#0 C:\xampp\htdocs\GRO\jamaizer\jamaizer\jamaizer\app\Views\member\create.php(5): CodeIgniter\Debug\Exceptions->errorHandler(8, 'Undefined varia...', 'C:\\xampp\\htdocs...', 5, Array)
#1 C:\xampp\htdocs\GRO\jamaizer\jamaizer\jamaizer\vendor\codeigniter4\framework\system\View\View.php(230): include('C:\\xampp\\htdocs...')
#2 C:\xampp\htdocs\GRO\jamaizer\jamaizer\jamaizer\vendor\codeigniter4\framework\system\View\View.php(232): CodeIgniter\View\View->CodeIgniter\View\{closure}()
#3 C:\xampp\htdocs\GRO\jamaizer\jamaizer\jamaizer\vendor\codeigniter4\framework\system\Common.php(1271): CodeIgniter\View\View->render('member/create', Array, true)
#4 C:\xampp\htdocs\GRO\jamaizer\jamaizer\jamaizer\app\Controllers\Member.php(136): view('member/create', Array)
#5 C:\xampp\htdocs\GRO\jamaizer\jamaizer\jamaizer\vendor\codeigniter4\framework\system\CodeIgniter.php(928): App\Controllers\Member->create()
#6 C:\xampp\htdocs\GRO\jamaizer\jamaizer\jamaizer\vendor\codeigniter4\framework\system\CodeIgniter.php(436): CodeIgniter\CodeIgniter->runController(Object(App\Controllers\Member))
#7 C:\xampp\htdocs\GRO\jamaizer\jamaizer\jamaizer\vendor\codeigniter4\framework\system\CodeIgniter.php(336): CodeIgniter\CodeIgniter->handleRequest(NULL, Object(Config\Cache), false)
#8 C:\xampp\htdocs\GRO\jamaizer\jamaizer\jamaizer\public\index.php(37): CodeIgniter\CodeIgniter->run()
#9 {main}
CRITICAL - 2021-06-29 10:04:13 --> Undefined variable: errors
#0 C:\xampp\htdocs\GRO\jamaizer\jamaizer\jamaizer\app\Views\member\create.php(5): CodeIgniter\Debug\Exceptions->errorHandler(8, 'Undefined varia...', 'C:\\xampp\\htdocs...', 5, Array)
#1 C:\xampp\htdocs\GRO\jamaizer\jamaizer\jamaizer\vendor\codeigniter4\framework\system\View\View.php(230): include('C:\\xampp\\htdocs...')
#2 C:\xampp\htdocs\GRO\jamaizer\jamaizer\jamaizer\vendor\codeigniter4\framework\system\View\View.php(232): CodeIgniter\View\View->CodeIgniter\View\{closure}()
#3 C:\xampp\htdocs\GRO\jamaizer\jamaizer\jamaizer\vendor\codeigniter4\framework\system\Common.php(1271): CodeIgniter\View\View->render('member/create', Array, true)
#4 C:\xampp\htdocs\GRO\jamaizer\jamaizer\jamaizer\app\Controllers\Member.php(136): view('member/create', Array)
#5 C:\xampp\htdocs\GRO\jamaizer\jamaizer\jamaizer\vendor\codeigniter4\framework\system\CodeIgniter.php(928): App\Controllers\Member->create()
#6 C:\xampp\htdocs\GRO\jamaizer\jamaizer\jamaizer\vendor\codeigniter4\framework\system\CodeIgniter.php(436): CodeIgniter\CodeIgniter->runController(Object(App\Controllers\Member))
#7 C:\xampp\htdocs\GRO\jamaizer\jamaizer\jamaizer\vendor\codeigniter4\framework\system\CodeIgniter.php(336): CodeIgniter\CodeIgniter->handleRequest(NULL, Object(Config\Cache), false)
#8 C:\xampp\htdocs\GRO\jamaizer\jamaizer\jamaizer\public\index.php(37): CodeIgniter\CodeIgniter->run()
#9 {main}
CRITICAL - 2021-06-29 10:04:54 --> Invalid file: template/header.php
#0 C:\xampp\htdocs\GRO\jamaizer\jamaizer\jamaizer\vendor\codeigniter4\framework\system\View\View.php(213): CodeIgniter\Exceptions\FrameworkException::forInvalidFile('template/header...')
#1 C:\xampp\htdocs\GRO\jamaizer\jamaizer\jamaizer\vendor\codeigniter4\framework\system\Common.php(1271): CodeIgniter\View\View->render('template/header', Array, true)
#2 C:\xampp\htdocs\GRO\jamaizer\jamaizer\jamaizer\app\Controllers\Member.php(55): view('template/header')
#3 C:\xampp\htdocs\GRO\jamaizer\jamaizer\jamaizer\vendor\codeigniter4\framework\system\CodeIgniter.php(928): App\Controllers\Member->create()
#4 C:\xampp\htdocs\GRO\jamaizer\jamaizer\jamaizer\vendor\codeigniter4\framework\system\CodeIgniter.php(436): CodeIgniter\CodeIgniter->runController(Object(App\Controllers\Member))
#5 C:\xampp\htdocs\GRO\jamaizer\jamaizer\jamaizer\vendor\codeigniter4\framework\system\CodeIgniter.php(336): CodeIgniter\CodeIgniter->handleRequest(NULL, Object(Config\Cache), false)
#6 C:\xampp\htdocs\GRO\jamaizer\jamaizer\jamaizer\public\index.php(37): CodeIgniter\CodeIgniter->run()
#7 {main}
CRITICAL - 2021-06-29 10:08:48 --> syntax error, unexpected 'echo' (T_ECHO), expecting function (T_FUNCTION) or const (T_CONST)
#0 C:\xampp\htdocs\GRO\jamaizer\jamaizer\jamaizer\vendor\codeigniter4\framework\system\Autoloader\Autoloader.php(273): CodeIgniter\Autoloader\Autoloader->includeFile('C:\\xampp\\htdocs...')
#1 C:\xampp\htdocs\GRO\jamaizer\jamaizer\jamaizer\vendor\codeigniter4\framework\system\Autoloader\Autoloader.php(247): CodeIgniter\Autoloader\Autoloader->loadInNamespace('App\\Controllers...')
#2 [internal function]: CodeIgniter\Autoloader\Autoloader->loadClass('App\\Controllers...')
#3 [internal function]: spl_autoload_call('App\\Controllers...')
#4 C:\xampp\htdocs\GRO\jamaizer\jamaizer\jamaizer\vendor\codeigniter4\framework\system\CodeIgniter.php(885): class_exists('\\App\\Controller...', true)
#5 C:\xampp\htdocs\GRO\jamaizer\jamaizer\jamaizer\vendor\codeigniter4\framework\system\CodeIgniter.php(421): CodeIgniter\CodeIgniter->startController()
#6 C:\xampp\htdocs\GRO\jamaizer\jamaizer\jamaizer\vendor\codeigniter4\framework\system\CodeIgniter.php(336): CodeIgniter\CodeIgniter->handleRequest(NULL, Object(Config\Cache), false)
#7 C:\xampp\htdocs\GRO\jamaizer\jamaizer\jamaizer\public\index.php(37): CodeIgniter\CodeIgniter->run()
#8 {main}
CRITICAL - 2021-06-29 10:33:28 --> Call to a member function getErrors() on null
#0 C:\xampp\htdocs\GRO\jamaizer\jamaizer\jamaizer\vendor\codeigniter4\framework\system\CodeIgniter.php(928): App\Controllers\Member->create()
#1 C:\xampp\htdocs\GRO\jamaizer\jamaizer\jamaizer\vendor\codeigniter4\framework\system\CodeIgniter.php(436): CodeIgniter\CodeIgniter->runController(Object(App\Controllers\Member))
#2 C:\xampp\htdocs\GRO\jamaizer\jamaizer\jamaizer\vendor\codeigniter4\framework\system\CodeIgniter.php(336): CodeIgniter\CodeIgniter->handleRequest(NULL, Object(Config\Cache), false)
#3 C:\xampp\htdocs\GRO\jamaizer\jamaizer\jamaizer\public\index.php(37): CodeIgniter\CodeIgniter->run()
#4 {main}
