CRITICAL - 2021-06-25 09:12:30 --> Call to undefined function set_value()
#0 C:\xampp\htdocs\GRO\jamaizer\jamaizer\jamaizer\vendor\codeigniter4\framework\system\View\View.php(230): include()
#1 C:\xampp\htdocs\GRO\jamaizer\jamaizer\jamaizer\vendor\codeigniter4\framework\system\View\View.php(232): CodeIgniter\View\View->CodeIgniter\View\{closure}()
#2 C:\xampp\htdocs\GRO\jamaizer\jamaizer\jamaizer\vendor\codeigniter4\framework\system\Common.php(1271): CodeIgniter\View\View->render('pages/contact', Array, true)
#3 C:\xampp\htdocs\GRO\jamaizer\jamaizer\jamaizer\app\Controllers\Pages.php(42): view('pages/contact', Array)
#4 C:\xampp\htdocs\GRO\jamaizer\jamaizer\jamaizer\vendor\codeigniter4\framework\system\CodeIgniter.php(928): App\Controllers\Pages->view('contact')
#5 C:\xampp\htdocs\GRO\jamaizer\jamaizer\jamaizer\vendor\codeigniter4\framework\system\CodeIgniter.php(436): CodeIgniter\CodeIgniter->runController(Object(App\Controllers\Pages))
#6 C:\xampp\htdocs\GRO\jamaizer\jamaizer\jamaizer\vendor\codeigniter4\framework\system\CodeIgniter.php(336): CodeIgniter\CodeIgniter->handleRequest(NULL, Object(Config\Cache), false)
#7 C:\xampp\htdocs\GRO\jamaizer\jamaizer\jamaizer\public\index.php(37): CodeIgniter\CodeIgniter->run()
#8 {main}
CRITICAL - 2021-06-25 09:18:02 --> Call to undefined function set_value()
#0 C:\xampp\htdocs\GRO\jamaizer\jamaizer\jamaizer\vendor\codeigniter4\framework\system\View\View.php(230): include()
#1 C:\xampp\htdocs\GRO\jamaizer\jamaizer\jamaizer\vendor\codeigniter4\framework\system\View\View.php(232): CodeIgniter\View\View->CodeIgniter\View\{closure}()
#2 C:\xampp\htdocs\GRO\jamaizer\jamaizer\jamaizer\vendor\codeigniter4\framework\system\Common.php(1271): CodeIgniter\View\View->render('pages/contact', Array, true)
#3 C:\xampp\htdocs\GRO\jamaizer\jamaizer\jamaizer\app\Controllers\Pages.php(42): view('pages/contact', Array)
#4 C:\xampp\htdocs\GRO\jamaizer\jamaizer\jamaizer\vendor\codeigniter4\framework\system\CodeIgniter.php(928): App\Controllers\Pages->view('contact')
#5 C:\xampp\htdocs\GRO\jamaizer\jamaizer\jamaizer\vendor\codeigniter4\framework\system\CodeIgniter.php(436): CodeIgniter\CodeIgniter->runController(Object(App\Controllers\Pages))
#6 C:\xampp\htdocs\GRO\jamaizer\jamaizer\jamaizer\vendor\codeigniter4\framework\system\CodeIgniter.php(336): CodeIgniter\CodeIgniter->handleRequest(NULL, Object(Config\Cache), false)
#7 C:\xampp\htdocs\GRO\jamaizer\jamaizer\jamaizer\public\index.php(37): CodeIgniter\CodeIgniter->run()
#8 {main}
