CRITICAL - 2021-06-22 04:57:02 --> Undefined variable: title
#0 C:\xampp\htdocs\GRO\jamaizer\jamaizer\jamaizer\app\Views\templates\header.php(10): CodeIgniter\Debug\Exceptions->errorHandler(8, 'Undefined varia...', 'C:\\xampp\\htdocs...', 10, Array)
#1 C:\xampp\htdocs\GRO\jamaizer\jamaizer\jamaizer\vendor\codeigniter4\framework\system\View\View.php(230): include('C:\\xampp\\htdocs...')
#2 C:\xampp\htdocs\GRO\jamaizer\jamaizer\jamaizer\vendor\codeigniter4\framework\system\View\View.php(232): CodeIgniter\View\View->CodeIgniter\View\{closure}()
#3 C:\xampp\htdocs\GRO\jamaizer\jamaizer\jamaizer\vendor\codeigniter4\framework\system\Common.php(1271): CodeIgniter\View\View->render('templates/heade...', Array, true)
#4 C:\xampp\htdocs\GRO\jamaizer\jamaizer\jamaizer\app\Controllers\Home.php(9): view('templates/heade...')
#5 C:\xampp\htdocs\GRO\jamaizer\jamaizer\jamaizer\vendor\codeigniter4\framework\system\CodeIgniter.php(928): App\Controllers\Home->index()
#6 C:\xampp\htdocs\GRO\jamaizer\jamaizer\jamaizer\vendor\codeigniter4\framework\system\CodeIgniter.php(436): CodeIgniter\CodeIgniter->runController(Object(App\Controllers\Home))
#7 C:\xampp\htdocs\GRO\jamaizer\jamaizer\jamaizer\vendor\codeigniter4\framework\system\CodeIgniter.php(336): CodeIgniter\CodeIgniter->handleRequest(NULL, Object(Config\Cache), false)
#8 C:\xampp\htdocs\GRO\jamaizer\jamaizer\jamaizer\public\index.php(37): CodeIgniter\CodeIgniter->run()
#9 {main}
CRITICAL - 2021-06-22 04:57:27 --> Undefined variable: title
#0 C:\xampp\htdocs\GRO\jamaizer\jamaizer\jamaizer\app\Views\templates\header.php(10): CodeIgniter\Debug\Exceptions->errorHandler(8, 'Undefined varia...', 'C:\\xampp\\htdocs...', 10, Array)
#1 C:\xampp\htdocs\GRO\jamaizer\jamaizer\jamaizer\vendor\codeigniter4\framework\system\View\View.php(230): include('C:\\xampp\\htdocs...')
#2 C:\xampp\htdocs\GRO\jamaizer\jamaizer\jamaizer\vendor\codeigniter4\framework\system\View\View.php(232): CodeIgniter\View\View->CodeIgniter\View\{closure}()
#3 C:\xampp\htdocs\GRO\jamaizer\jamaizer\jamaizer\vendor\codeigniter4\framework\system\Common.php(1271): CodeIgniter\View\View->render('templates/heade...', Array, true)
#4 C:\xampp\htdocs\GRO\jamaizer\jamaizer\jamaizer\app\Controllers\Home.php(9): view('templates/heade...')
#5 C:\xampp\htdocs\GRO\jamaizer\jamaizer\jamaizer\vendor\codeigniter4\framework\system\CodeIgniter.php(928): App\Controllers\Home->index()
#6 C:\xampp\htdocs\GRO\jamaizer\jamaizer\jamaizer\vendor\codeigniter4\framework\system\CodeIgniter.php(436): CodeIgniter\CodeIgniter->runController(Object(App\Controllers\Home))
#7 C:\xampp\htdocs\GRO\jamaizer\jamaizer\jamaizer\vendor\codeigniter4\framework\system\CodeIgniter.php(336): CodeIgniter\CodeIgniter->handleRequest(NULL, Object(Config\Cache), false)
#8 C:\xampp\htdocs\GRO\jamaizer\jamaizer\jamaizer\public\index.php(37): CodeIgniter\CodeIgniter->run()
#9 {main}
